components/AssetCard.tsx(3,21): error TS6133: 'ImageModel' is declared but its value is never read.
components/AssetCard.tsx(3,33): error TS6133: 'VideoModel' is declared but its value is never read.
components/AssetCard.tsx(4,28): error TS6133: 'RefreshCcw' is declared but its value is never read.
components/AssetCard.tsx(91,9): error TS6133: 'handleUseRef' is declared but its value is never read.
components/CanvasView.tsx(204,36): error TS2339: Property 'seed' does not exist on type '{ aspectRatio: string; model: string; style?: string | undefined; duration?: string | undefined; resolution?: string | undefined; usedGrounding?: boolean | undefined; error?: string | undefined; maskUrl?: string | undefined; }'.
components/CanvasView.tsx(204,85): error TS2339: Property 'seed' does not exist on type '{ aspectRatio: string; model: string; style?: string | undefined; duration?: string | undefined; resolution?: string | undefined; usedGrounding?: boolean | undefined; error?: string | undefined; maskUrl?: string | undefined; }'.
components/LightboxViewer.tsx(3,51): error TS6133: 'RefreshCcw' is declared but its value is never read.
components/LightboxViewer.tsx(3,97): error TS6133: 'ArrowRight' is declared but its value is never read.
components/LightboxViewer.tsx(20,81): error TS6133: 'onUseAsReference' is declared but its value is never read.
components/LightboxViewer.tsx(271,37): error TS2339: Property 'seed' does not exist on type '{ aspectRatio: string; model: string; style?: string | undefined; duration?: string | undefined; resolution?: string | undefined; usedGrounding?: boolean | undefined; error?: string | undefined; maskUrl?: string | undefined; }'.
components/LightboxViewer.tsx(271,82): error TS2339: Property 'seed' does not exist on type '{ aspectRatio: string; model: string; style?: string | undefined; duration?: string | undefined; resolution?: string | undefined; usedGrounding?: boolean | undefined; error?: string | undefined; maskUrl?: string | undefined; }'.
components/TaskCenter.tsx(4,45): error TS6133: 'Maximize2' is declared but its value is never read.
components/TaskCenter.tsx(4,56): error TS6133: 'Minimize2' is declared but its value is never read.
services/agentService.ts(86,13): error TS6133: 'onRequestConfirmation' is declared but its value is never read.
vite.config.ts(9,26): error TS7006: Parameter 'html' implicitly has an 'any' type.
vite.config.ts(19,5): error TS2769: No overload matches this call.
  The last overload gave the following error.
    Type '{ name: string; enforce: string; transformIndexHtml: (html: any) => any; }' is not assignable to type 'PluginOption'.
      Type '{ name: string; enforce: string; transformIndexHtml: (html: any) => any; }' is not assignable to type 'Plugin<any>'.
        Types of property 'enforce' are incompatible.
          Type 'string' is not assignable to type '"pre" | "post" | undefined'.
